21-Dec-2023 13:57:49.164 정보 [main] org.apache.catalina.startup.VersionLoggerListener.log 서버 버전 이름:    Apache Tomcat/9.0.84
21-Dec-2023 13:57:49.176 정보 [main] org.apache.catalina.startup.VersionLoggerListener.log Server 빌드 시각:  Dec 7 2023 19:27:40 UTC
21-Dec-2023 13:57:49.176 정보 [main] org.apache.catalina.startup.VersionLoggerListener.log Server 버전 번호:  9.0.84.0
21-Dec-2023 13:57:49.176 정보 [main] org.apache.catalina.startup.VersionLoggerListener.log 운영체제 이름:     Windows 10
21-Dec-2023 13:57:49.176 정보 [main] org.apache.catalina.startup.VersionLoggerListener.log 운영체제 버전:     10.0
21-Dec-2023 13:57:49.176 정보 [main] org.apache.catalina.startup.VersionLoggerListener.log 아키텍처:          x86
21-Dec-2023 13:57:49.177 정보 [main] org.apache.catalina.startup.VersionLoggerListener.log 자바 홈:           C:\Program Files (x86)\Java\jre-1.8
21-Dec-2023 13:57:49.177 정보 [main] org.apache.catalina.startup.VersionLoggerListener.log JVM 버전:          1.8.0_391-b13
21-Dec-2023 13:57:49.177 정보 [main] org.apache.catalina.startup.VersionLoggerListener.log JVM 벤더:          Oracle Corporation
21-Dec-2023 13:57:49.177 정보 [main] org.apache.catalina.startup.VersionLoggerListener.log CATALINA_BASE:     C:\Users\it\Desktop\0.Developer\code\jsp\jspworkspace\apache-tomcat-9.0.84\apache-tomcat-9.0.84
21-Dec-2023 13:57:49.177 정보 [main] org.apache.catalina.startup.VersionLoggerListener.log CATALINA_HOME:     C:\Users\it\Desktop\0.Developer\code\jsp\jspworkspace\apache-tomcat-9.0.84\apache-tomcat-9.0.84
21-Dec-2023 13:57:49.193 정보 [main] org.apache.catalina.startup.VersionLoggerListener.log 명령 행 아규먼트:  -Djava.util.logging.config.file=C:\Users\it\Desktop\0.Developer\code\jsp\jspworkspace\apache-tomcat-9.0.84\apache-tomcat-9.0.84\conf\logging.properties
21-Dec-2023 13:57:49.193 정보 [main] org.apache.catalina.startup.VersionLoggerListener.log 명령 행 아규먼트:  -Djava.util.logging.manager=org.apache.juli.ClassLoaderLogManager
21-Dec-2023 13:57:49.194 정보 [main] org.apache.catalina.startup.VersionLoggerListener.log 명령 행 아규먼트:  -Djdk.tls.ephemeralDHKeySize=2048
21-Dec-2023 13:57:49.195 정보 [main] org.apache.catalina.startup.VersionLoggerListener.log 명령 행 아규먼트:  -Djava.protocol.handler.pkgs=org.apache.catalina.webresources
21-Dec-2023 13:57:49.195 정보 [main] org.apache.catalina.startup.VersionLoggerListener.log 명령 행 아규먼트:  -Dignore.endorsed.dirs=
21-Dec-2023 13:57:49.197 정보 [main] org.apache.catalina.startup.VersionLoggerListener.log 명령 행 아규먼트:  -Dcatalina.base=C:\Users\it\Desktop\0.Developer\code\jsp\jspworkspace\apache-tomcat-9.0.84\apache-tomcat-9.0.84
21-Dec-2023 13:57:49.197 정보 [main] org.apache.catalina.startup.VersionLoggerListener.log 명령 행 아규먼트:  -Dcatalina.home=C:\Users\it\Desktop\0.Developer\code\jsp\jspworkspace\apache-tomcat-9.0.84\apache-tomcat-9.0.84
21-Dec-2023 13:57:49.198 정보 [main] org.apache.catalina.startup.VersionLoggerListener.log 명령 행 아규먼트:  -Djava.io.tmpdir=C:\Users\it\Desktop\0.Developer\code\jsp\jspworkspace\apache-tomcat-9.0.84\apache-tomcat-9.0.84\temp
21-Dec-2023 13:57:49.220 정보 [main] org.apache.catalina.core.AprLifecycleListener.lifecycleEvent 프로덕션 환경들에서 최적의 성능을 제공하는, APR 기반 Apache Tomcat Native 라이브러리가, 다음 java.library.path에서 발견되지 않습니다: [C:\Program Files (x86)\Java\jre-1.8\bin;C:\Windows\Sun\Java\bin;C:\Windows\system32;C:\Windows;C:\Program Files (x86)\Common Files\Oracle\Java\javapath;C:\oraclexe\app\oracle\product\11.2.0\server\bin;C:\Windows\system32;C:\Windows;C:\Windows\System32\Wbem;C:\Windows\System32\WindowsPowerShell\v1.0\;C:\Windows\System32\OpenSSH\;C:\Program Files\Git\cmd;C:\Users\it\anaconda3;C:\Users\it\anaconda3\Library\mingw-w64\bin;C:\Users\it\anaconda3\Library\usr\bin;C:\Users\it\anaconda3\Library\bin;C:\Users\it\anaconda3\Scripts;C:\Users\it\AppData\Local\Microsoft\WindowsApps;C:\Users\it\AppData\Local\GitHubDesktop\bin;C:\Users\it\AppData\Local\Programs\Microsoft VS Code\bin;;.]
21-Dec-2023 13:57:49.746 정보 [main] org.apache.coyote.AbstractProtocol.init 프로토콜 핸들러 ["http-nio-8091"]을(를) 초기화합니다.
21-Dec-2023 13:57:49.772 정보 [main] org.apache.catalina.startup.Catalina.load [823] 밀리초 내에 서버가 초기화되었습니다.
21-Dec-2023 13:57:49.824 정보 [main] org.apache.catalina.core.StandardService.startInternal 서비스 [Catalina]을(를) 시작합니다.
21-Dec-2023 13:57:49.826 정보 [main] org.apache.catalina.core.StandardEngine.startInternal 서버 엔진을 시작합니다: [Apache Tomcat/9.0.84]
21-Dec-2023 13:57:49.847 정보 [main] org.apache.catalina.startup.HostConfig.deployDirectory 웹 애플리케이션 디렉토리 [C:\Users\it\Desktop\0.Developer\code\jsp\jspworkspace\apache-tomcat-9.0.84\apache-tomcat-9.0.84\webapps\docs]을(를) 배치합니다.
21-Dec-2023 13:57:50.242 정보 [main] org.apache.catalina.startup.HostConfig.deployDirectory 웹 애플리케이션 디렉토리 [C:\Users\it\Desktop\0.Developer\code\jsp\jspworkspace\apache-tomcat-9.0.84\apache-tomcat-9.0.84\webapps\docs]에 대한 배치가 [395] 밀리초에 완료되었습니다.
21-Dec-2023 13:57:50.245 정보 [main] org.apache.catalina.startup.HostConfig.deployDirectory 웹 애플리케이션 디렉토리 [C:\Users\it\Desktop\0.Developer\code\jsp\jspworkspace\apache-tomcat-9.0.84\apache-tomcat-9.0.84\webapps\examples]을(를) 배치합니다.
21-Dec-2023 13:57:50.902 정보 [main] org.apache.catalina.startup.HostConfig.deployDirectory 웹 애플리케이션 디렉토리 [C:\Users\it\Desktop\0.Developer\code\jsp\jspworkspace\apache-tomcat-9.0.84\apache-tomcat-9.0.84\webapps\examples]에 대한 배치가 [657] 밀리초에 완료되었습니다.
21-Dec-2023 13:57:50.906 정보 [main] org.apache.catalina.startup.HostConfig.deployDirectory 웹 애플리케이션 디렉토리 [C:\Users\it\Desktop\0.Developer\code\jsp\jspworkspace\apache-tomcat-9.0.84\apache-tomcat-9.0.84\webapps\host-manager]을(를) 배치합니다.
21-Dec-2023 13:57:50.976 정보 [main] org.apache.catalina.startup.HostConfig.deployDirectory 웹 애플리케이션 디렉토리 [C:\Users\it\Desktop\0.Developer\code\jsp\jspworkspace\apache-tomcat-9.0.84\apache-tomcat-9.0.84\webapps\host-manager]에 대한 배치가 [70] 밀리초에 완료되었습니다.
21-Dec-2023 13:57:50.978 정보 [main] org.apache.catalina.startup.HostConfig.deployDirectory 웹 애플리케이션 디렉토리 [C:\Users\it\Desktop\0.Developer\code\jsp\jspworkspace\apache-tomcat-9.0.84\apache-tomcat-9.0.84\webapps\manager]을(를) 배치합니다.
21-Dec-2023 13:57:51.016 정보 [main] org.apache.catalina.startup.HostConfig.deployDirectory 웹 애플리케이션 디렉토리 [C:\Users\it\Desktop\0.Developer\code\jsp\jspworkspace\apache-tomcat-9.0.84\apache-tomcat-9.0.84\webapps\manager]에 대한 배치가 [38] 밀리초에 완료되었습니다.
21-Dec-2023 13:57:51.018 정보 [main] org.apache.catalina.startup.HostConfig.deployDirectory 웹 애플리케이션 디렉토리 [C:\Users\it\Desktop\0.Developer\code\jsp\jspworkspace\apache-tomcat-9.0.84\apache-tomcat-9.0.84\webapps\ROOT]을(를) 배치합니다.
21-Dec-2023 13:57:51.046 정보 [main] org.apache.catalina.startup.HostConfig.deployDirectory 웹 애플리케이션 디렉토리 [C:\Users\it\Desktop\0.Developer\code\jsp\jspworkspace\apache-tomcat-9.0.84\apache-tomcat-9.0.84\webapps\ROOT]에 대한 배치가 [28] 밀리초에 완료되었습니다.
21-Dec-2023 13:57:51.055 정보 [main] org.apache.coyote.AbstractProtocol.start 프로토콜 핸들러 ["http-nio-8091"]을(를) 시작합니다.
21-Dec-2023 13:57:51.079 정보 [main] org.apache.catalina.startup.Catalina.start 서버가 [1305] 밀리초 내에 시작되었습니다.
21-Dec-2023 13:57:51.085 심각 [main] org.apache.catalina.core.StandardServer.await 주소 [localhost]와(과) 포트 [8005]에, 서버 셧다운 소켓을 생성하지 못했습니다. (base 포트 [8005], offset [0])
	java.net.BindException: Address already in use: JVM_Bind
		at java.net.DualStackPlainSocketImpl.bind0(Native Method)
		at java.net.DualStackPlainSocketImpl.socketBind(Unknown Source)
		at java.net.AbstractPlainSocketImpl.bind(Unknown Source)
		at java.net.PlainSocketImpl.bind(Unknown Source)
		at java.net.ServerSocket.bind(Unknown Source)
		at java.net.ServerSocket.<init>(Unknown Source)
		at org.apache.catalina.core.StandardServer.await(StandardServer.java:581)
		at org.apache.catalina.startup.Catalina.await(Catalina.java:864)
		at org.apache.catalina.startup.Catalina.start(Catalina.java:810)
		at sun.reflect.NativeMethodAccessorImpl.invoke0(Native Method)
		at sun.reflect.NativeMethodAccessorImpl.invoke(Unknown Source)
		at sun.reflect.DelegatingMethodAccessorImpl.invoke(Unknown Source)
		at java.lang.reflect.Method.invoke(Unknown Source)
		at org.apache.catalina.startup.Bootstrap.start(Bootstrap.java:347)
		at org.apache.catalina.startup.Bootstrap.main(Bootstrap.java:478)
21-Dec-2023 13:57:51.087 정보 [main] org.apache.coyote.AbstractProtocol.pause 프로토콜 핸들러 ["http-nio-8091"]을(를) 일시 정지 중
21-Dec-2023 13:57:51.172 정보 [main] org.apache.catalina.core.StandardService.stopInternal 서비스 [Catalina]을(를) 중지시킵니다.
21-Dec-2023 13:57:51.196 정보 [main] org.apache.coyote.AbstractProtocol.stop 프로토콜 핸들러 ["http-nio-8091"]을(를) 중지시킵니다.
21-Dec-2023 13:57:51.203 정보 [main] org.apache.coyote.AbstractProtocol.destroy 프로토콜 핸들러 ["http-nio-8091"]을(를) 소멸시킵니다.
21-Dec-2023 13:57:54.745 정보 [main] org.apache.catalina.startup.VersionLoggerListener.log 서버 버전 이름:    Apache Tomcat/9.0.84
21-Dec-2023 13:57:54.749 정보 [main] org.apache.catalina.startup.VersionLoggerListener.log Server 빌드 시각:  Dec 7 2023 19:27:40 UTC
21-Dec-2023 13:57:54.749 정보 [main] org.apache.catalina.startup.VersionLoggerListener.log Server 버전 번호:  9.0.84.0
21-Dec-2023 13:57:54.749 정보 [main] org.apache.catalina.startup.VersionLoggerListener.log 운영체제 이름:     Windows 10
21-Dec-2023 13:57:54.749 정보 [main] org.apache.catalina.startup.VersionLoggerListener.log 운영체제 버전:     10.0
21-Dec-2023 13:57:54.750 정보 [main] org.apache.catalina.startup.VersionLoggerListener.log 아키텍처:          x86
21-Dec-2023 13:57:54.750 정보 [main] org.apache.catalina.startup.VersionLoggerListener.log 자바 홈:           C:\Program Files (x86)\Java\jre-1.8
21-Dec-2023 13:57:54.750 정보 [main] org.apache.catalina.startup.VersionLoggerListener.log JVM 버전:          1.8.0_391-b13
21-Dec-2023 13:57:54.751 정보 [main] org.apache.catalina.startup.VersionLoggerListener.log JVM 벤더:          Oracle Corporation
21-Dec-2023 13:57:54.751 정보 [main] org.apache.catalina.startup.VersionLoggerListener.log CATALINA_BASE:     C:\Users\it\Desktop\0.Developer\code\jsp\jspworkspace\apache-tomcat-9.0.84\apache-tomcat-9.0.84
21-Dec-2023 13:57:54.751 정보 [main] org.apache.catalina.startup.VersionLoggerListener.log CATALINA_HOME:     C:\Users\it\Desktop\0.Developer\code\jsp\jspworkspace\apache-tomcat-9.0.84\apache-tomcat-9.0.84
21-Dec-2023 13:57:54.752 정보 [main] org.apache.catalina.startup.VersionLoggerListener.log 명령 행 아규먼트:  -Djava.util.logging.config.file=C:\Users\it\Desktop\0.Developer\code\jsp\jspworkspace\apache-tomcat-9.0.84\apache-tomcat-9.0.84\conf\logging.properties
21-Dec-2023 13:57:54.753 정보 [main] org.apache.catalina.startup.VersionLoggerListener.log 명령 행 아규먼트:  -Djava.util.logging.manager=org.apache.juli.ClassLoaderLogManager
21-Dec-2023 13:57:54.753 정보 [main] org.apache.catalina.startup.VersionLoggerListener.log 명령 행 아규먼트:  -Djdk.tls.ephemeralDHKeySize=2048
21-Dec-2023 13:57:54.754 정보 [main] org.apache.catalina.startup.VersionLoggerListener.log 명령 행 아규먼트:  -Djava.protocol.handler.pkgs=org.apache.catalina.webresources
21-Dec-2023 13:57:54.755 정보 [main] org.apache.catalina.startup.VersionLoggerListener.log 명령 행 아규먼트:  -Dignore.endorsed.dirs=
21-Dec-2023 13:57:54.755 정보 [main] org.apache.catalina.startup.VersionLoggerListener.log 명령 행 아규먼트:  -Dcatalina.base=C:\Users\it\Desktop\0.Developer\code\jsp\jspworkspace\apache-tomcat-9.0.84\apache-tomcat-9.0.84
21-Dec-2023 13:57:54.756 정보 [main] org.apache.catalina.startup.VersionLoggerListener.log 명령 행 아규먼트:  -Dcatalina.home=C:\Users\it\Desktop\0.Developer\code\jsp\jspworkspace\apache-tomcat-9.0.84\apache-tomcat-9.0.84
21-Dec-2023 13:57:54.759 정보 [main] org.apache.catalina.startup.VersionLoggerListener.log 명령 행 아규먼트:  -Djava.io.tmpdir=C:\Users\it\Desktop\0.Developer\code\jsp\jspworkspace\apache-tomcat-9.0.84\apache-tomcat-9.0.84\temp
21-Dec-2023 13:57:54.778 정보 [main] org.apache.catalina.core.AprLifecycleListener.lifecycleEvent 프로덕션 환경들에서 최적의 성능을 제공하는, APR 기반 Apache Tomcat Native 라이브러리가, 다음 java.library.path에서 발견되지 않습니다: [C:\Program Files (x86)\Java\jre-1.8\bin;C:\Windows\Sun\Java\bin;C:\Windows\system32;C:\Windows;C:\Program Files (x86)\Common Files\Oracle\Java\javapath;C:\oraclexe\app\oracle\product\11.2.0\server\bin;C:\Windows\system32;C:\Windows;C:\Windows\System32\Wbem;C:\Windows\System32\WindowsPowerShell\v1.0\;C:\Windows\System32\OpenSSH\;C:\Program Files\Git\cmd;C:\Users\it\anaconda3;C:\Users\it\anaconda3\Library\mingw-w64\bin;C:\Users\it\anaconda3\Library\usr\bin;C:\Users\it\anaconda3\Library\bin;C:\Users\it\anaconda3\Scripts;C:\Users\it\AppData\Local\Microsoft\WindowsApps;C:\Users\it\AppData\Local\GitHubDesktop\bin;C:\Users\it\AppData\Local\Programs\Microsoft VS Code\bin;;.]
21-Dec-2023 13:57:55.048 정보 [main] org.apache.coyote.AbstractProtocol.init 프로토콜 핸들러 ["http-nio-8091"]을(를) 초기화합니다.
21-Dec-2023 13:57:55.065 정보 [main] org.apache.catalina.startup.Catalina.load [494] 밀리초 내에 서버가 초기화되었습니다.
21-Dec-2023 13:57:55.099 정보 [main] org.apache.catalina.core.StandardService.startInternal 서비스 [Catalina]을(를) 시작합니다.
21-Dec-2023 13:57:55.100 정보 [main] org.apache.catalina.core.StandardEngine.startInternal 서버 엔진을 시작합니다: [Apache Tomcat/9.0.84]
21-Dec-2023 13:57:55.115 정보 [main] org.apache.catalina.startup.HostConfig.deployDirectory 웹 애플리케이션 디렉토리 [C:\Users\it\Desktop\0.Developer\code\jsp\jspworkspace\apache-tomcat-9.0.84\apache-tomcat-9.0.84\webapps\docs]을(를) 배치합니다.
21-Dec-2023 13:57:55.431 정보 [main] org.apache.catalina.startup.HostConfig.deployDirectory 웹 애플리케이션 디렉토리 [C:\Users\it\Desktop\0.Developer\code\jsp\jspworkspace\apache-tomcat-9.0.84\apache-tomcat-9.0.84\webapps\docs]에 대한 배치가 [315] 밀리초에 완료되었습니다.
21-Dec-2023 13:57:55.433 정보 [main] org.apache.catalina.startup.HostConfig.deployDirectory 웹 애플리케이션 디렉토리 [C:\Users\it\Desktop\0.Developer\code\jsp\jspworkspace\apache-tomcat-9.0.84\apache-tomcat-9.0.84\webapps\examples]을(를) 배치합니다.
21-Dec-2023 13:57:55.884 정보 [main] org.apache.catalina.startup.HostConfig.deployDirectory 웹 애플리케이션 디렉토리 [C:\Users\it\Desktop\0.Developer\code\jsp\jspworkspace\apache-tomcat-9.0.84\apache-tomcat-9.0.84\webapps\examples]에 대한 배치가 [451] 밀리초에 완료되었습니다.
21-Dec-2023 13:57:55.887 정보 [main] org.apache.catalina.startup.HostConfig.deployDirectory 웹 애플리케이션 디렉토리 [C:\Users\it\Desktop\0.Developer\code\jsp\jspworkspace\apache-tomcat-9.0.84\apache-tomcat-9.0.84\webapps\host-manager]을(를) 배치합니다.
21-Dec-2023 13:57:55.928 정보 [main] org.apache.catalina.startup.HostConfig.deployDirectory 웹 애플리케이션 디렉토리 [C:\Users\it\Desktop\0.Developer\code\jsp\jspworkspace\apache-tomcat-9.0.84\apache-tomcat-9.0.84\webapps\host-manager]에 대한 배치가 [40] 밀리초에 완료되었습니다.
21-Dec-2023 13:57:55.930 정보 [main] org.apache.catalina.startup.HostConfig.deployDirectory 웹 애플리케이션 디렉토리 [C:\Users\it\Desktop\0.Developer\code\jsp\jspworkspace\apache-tomcat-9.0.84\apache-tomcat-9.0.84\webapps\manager]을(를) 배치합니다.
21-Dec-2023 13:57:55.964 정보 [main] org.apache.catalina.startup.HostConfig.deployDirectory 웹 애플리케이션 디렉토리 [C:\Users\it\Desktop\0.Developer\code\jsp\jspworkspace\apache-tomcat-9.0.84\apache-tomcat-9.0.84\webapps\manager]에 대한 배치가 [34] 밀리초에 완료되었습니다.
21-Dec-2023 13:57:55.966 정보 [main] org.apache.catalina.startup.HostConfig.deployDirectory 웹 애플리케이션 디렉토리 [C:\Users\it\Desktop\0.Developer\code\jsp\jspworkspace\apache-tomcat-9.0.84\apache-tomcat-9.0.84\webapps\ROOT]을(를) 배치합니다.
21-Dec-2023 13:57:55.996 정보 [main] org.apache.catalina.startup.HostConfig.deployDirectory 웹 애플리케이션 디렉토리 [C:\Users\it\Desktop\0.Developer\code\jsp\jspworkspace\apache-tomcat-9.0.84\apache-tomcat-9.0.84\webapps\ROOT]에 대한 배치가 [30] 밀리초에 완료되었습니다.
21-Dec-2023 13:57:56.001 정보 [main] org.apache.coyote.AbstractProtocol.start 프로토콜 핸들러 ["http-nio-8091"]을(를) 시작합니다.
21-Dec-2023 13:57:56.020 정보 [main] org.apache.catalina.startup.Catalina.start 서버가 [953] 밀리초 내에 시작되었습니다.
21-Dec-2023 13:57:56.026 심각 [main] org.apache.catalina.core.StandardServer.await 주소 [localhost]와(과) 포트 [8005]에, 서버 셧다운 소켓을 생성하지 못했습니다. (base 포트 [8005], offset [0])
	java.net.BindException: Address already in use: JVM_Bind
		at java.net.DualStackPlainSocketImpl.bind0(Native Method)
		at java.net.DualStackPlainSocketImpl.socketBind(Unknown Source)
		at java.net.AbstractPlainSocketImpl.bind(Unknown Source)
		at java.net.PlainSocketImpl.bind(Unknown Source)
		at java.net.ServerSocket.bind(Unknown Source)
		at java.net.ServerSocket.<init>(Unknown Source)
		at org.apache.catalina.core.StandardServer.await(StandardServer.java:581)
		at org.apache.catalina.startup.Catalina.await(Catalina.java:864)
		at org.apache.catalina.startup.Catalina.start(Catalina.java:810)
		at sun.reflect.NativeMethodAccessorImpl.invoke0(Native Method)
		at sun.reflect.NativeMethodAccessorImpl.invoke(Unknown Source)
		at sun.reflect.DelegatingMethodAccessorImpl.invoke(Unknown Source)
		at java.lang.reflect.Method.invoke(Unknown Source)
		at org.apache.catalina.startup.Bootstrap.start(Bootstrap.java:347)
		at org.apache.catalina.startup.Bootstrap.main(Bootstrap.java:478)
21-Dec-2023 13:57:56.027 정보 [main] org.apache.coyote.AbstractProtocol.pause 프로토콜 핸들러 ["http-nio-8091"]을(를) 일시 정지 중
21-Dec-2023 13:57:56.096 정보 [main] org.apache.catalina.core.StandardService.stopInternal 서비스 [Catalina]을(를) 중지시킵니다.
21-Dec-2023 13:57:56.111 정보 [main] org.apache.coyote.AbstractProtocol.stop 프로토콜 핸들러 ["http-nio-8091"]을(를) 중지시킵니다.
21-Dec-2023 13:57:56.131 정보 [main] org.apache.coyote.AbstractProtocol.destroy 프로토콜 핸들러 ["http-nio-8091"]을(를) 소멸시킵니다.
21-Dec-2023 14:04:59.162 정보 [main] org.apache.catalina.startup.VersionLoggerListener.log 서버 버전 이름:    Apache Tomcat/9.0.84
21-Dec-2023 14:04:59.165 정보 [main] org.apache.catalina.startup.VersionLoggerListener.log Server 빌드 시각:  Dec 7 2023 19:27:40 UTC
21-Dec-2023 14:04:59.165 정보 [main] org.apache.catalina.startup.VersionLoggerListener.log Server 버전 번호:  9.0.84.0
21-Dec-2023 14:04:59.166 정보 [main] org.apache.catalina.startup.VersionLoggerListener.log 운영체제 이름:     Windows 10
21-Dec-2023 14:04:59.166 정보 [main] org.apache.catalina.startup.VersionLoggerListener.log 운영체제 버전:     10.0
21-Dec-2023 14:04:59.166 정보 [main] org.apache.catalina.startup.VersionLoggerListener.log 아키텍처:          x86
21-Dec-2023 14:04:59.167 정보 [main] org.apache.catalina.startup.VersionLoggerListener.log 자바 홈:           C:\Program Files (x86)\Java\jre-1.8
21-Dec-2023 14:04:59.167 정보 [main] org.apache.catalina.startup.VersionLoggerListener.log JVM 버전:          1.8.0_391-b13
21-Dec-2023 14:04:59.167 정보 [main] org.apache.catalina.startup.VersionLoggerListener.log JVM 벤더:          Oracle Corporation
21-Dec-2023 14:04:59.167 정보 [main] org.apache.catalina.startup.VersionLoggerListener.log CATALINA_BASE:     C:\Users\it\Desktop\0.Developer\code\jsp\jspworkspace\apache-tomcat-9.0.84\apache-tomcat-9.0.84
21-Dec-2023 14:04:59.168 정보 [main] org.apache.catalina.startup.VersionLoggerListener.log CATALINA_HOME:     C:\Users\it\Desktop\0.Developer\code\jsp\jspworkspace\apache-tomcat-9.0.84\apache-tomcat-9.0.84
21-Dec-2023 14:04:59.169 정보 [main] org.apache.catalina.startup.VersionLoggerListener.log 명령 행 아규먼트:  -Djava.util.logging.config.file=C:\Users\it\Desktop\0.Developer\code\jsp\jspworkspace\apache-tomcat-9.0.84\apache-tomcat-9.0.84\conf\logging.properties
21-Dec-2023 14:04:59.169 정보 [main] org.apache.catalina.startup.VersionLoggerListener.log 명령 행 아규먼트:  -Djava.util.logging.manager=org.apache.juli.ClassLoaderLogManager
21-Dec-2023 14:04:59.170 정보 [main] org.apache.catalina.startup.VersionLoggerListener.log 명령 행 아규먼트:  -Djdk.tls.ephemeralDHKeySize=2048
21-Dec-2023 14:04:59.172 정보 [main] org.apache.catalina.startup.VersionLoggerListener.log 명령 행 아규먼트:  -Djava.protocol.handler.pkgs=org.apache.catalina.webresources
21-Dec-2023 14:04:59.173 정보 [main] org.apache.catalina.startup.VersionLoggerListener.log 명령 행 아규먼트:  -Dignore.endorsed.dirs=
21-Dec-2023 14:04:59.174 정보 [main] org.apache.catalina.startup.VersionLoggerListener.log 명령 행 아규먼트:  -Dcatalina.base=C:\Users\it\Desktop\0.Developer\code\jsp\jspworkspace\apache-tomcat-9.0.84\apache-tomcat-9.0.84
21-Dec-2023 14:04:59.174 정보 [main] org.apache.catalina.startup.VersionLoggerListener.log 명령 행 아규먼트:  -Dcatalina.home=C:\Users\it\Desktop\0.Developer\code\jsp\jspworkspace\apache-tomcat-9.0.84\apache-tomcat-9.0.84
21-Dec-2023 14:04:59.175 정보 [main] org.apache.catalina.startup.VersionLoggerListener.log 명령 행 아규먼트:  -Djava.io.tmpdir=C:\Users\it\Desktop\0.Developer\code\jsp\jspworkspace\apache-tomcat-9.0.84\apache-tomcat-9.0.84\temp
21-Dec-2023 14:04:59.195 정보 [main] org.apache.catalina.core.AprLifecycleListener.lifecycleEvent 프로덕션 환경들에서 최적의 성능을 제공하는, APR 기반 Apache Tomcat Native 라이브러리가, 다음 java.library.path에서 발견되지 않습니다: [C:\Program Files (x86)\Java\jre-1.8\bin;C:\Windows\Sun\Java\bin;C:\Windows\system32;C:\Windows;C:\Program Files (x86)\Common Files\Oracle\Java\javapath;C:\oraclexe\app\oracle\product\11.2.0\server\bin;C:\Windows\system32;C:\Windows;C:\Windows\System32\Wbem;C:\Windows\System32\WindowsPowerShell\v1.0\;C:\Windows\System32\OpenSSH\;C:\Program Files\Git\cmd;C:\Users\it\anaconda3;C:\Users\it\anaconda3\Library\mingw-w64\bin;C:\Users\it\anaconda3\Library\usr\bin;C:\Users\it\anaconda3\Library\bin;C:\Users\it\anaconda3\Scripts;C:\Users\it\AppData\Local\Microsoft\WindowsApps;C:\Users\it\AppData\Local\GitHubDesktop\bin;C:\Users\it\AppData\Local\Programs\Microsoft VS Code\bin;;.]
21-Dec-2023 14:04:59.446 정보 [main] org.apache.coyote.AbstractProtocol.init 프로토콜 핸들러 ["http-nio-8091"]을(를) 초기화합니다.
21-Dec-2023 14:04:59.467 정보 [main] org.apache.catalina.startup.Catalina.load [507] 밀리초 내에 서버가 초기화되었습니다.
21-Dec-2023 14:04:59.504 정보 [main] org.apache.catalina.core.StandardService.startInternal 서비스 [Catalina]을(를) 시작합니다.
21-Dec-2023 14:04:59.505 정보 [main] org.apache.catalina.core.StandardEngine.startInternal 서버 엔진을 시작합니다: [Apache Tomcat/9.0.84]
21-Dec-2023 14:04:59.827 정보 [main] org.apache.catalina.startup.HostConfig.deployWAR 웹 애플리케이션 아카이브 [C:\Users\it\Desktop\0.Developer\code\jsp\jspworkspace\apache-tomcat-9.0.84\apache-tomcat-9.0.84\webapps\BookMarket.war]을(를) 배치합니다.
21-Dec-2023 14:04:59.871 정보 [main] org.apache.catalina.startup.HostConfig.deployWAR 웹 애플리케이션 아카이브 [C:\Users\it\Desktop\0.Developer\code\jsp\jspworkspace\apache-tomcat-9.0.84\apache-tomcat-9.0.84\webapps\BookMarket.war]의 배치가 [43] 밀리초에 완료되었습니다.
21-Dec-2023 14:04:59.873 정보 [main] org.apache.catalina.startup.HostConfig.deployWAR 웹 애플리케이션 아카이브 [C:\Users\it\Desktop\0.Developer\code\jsp\jspworkspace\apache-tomcat-9.0.84\apache-tomcat-9.0.84\webapps\webMarket.war]을(를) 배치합니다.
21-Dec-2023 14:04:59.903 정보 [main] org.apache.catalina.startup.HostConfig.deployWAR 웹 애플리케이션 아카이브 [C:\Users\it\Desktop\0.Developer\code\jsp\jspworkspace\apache-tomcat-9.0.84\apache-tomcat-9.0.84\webapps\webMarket.war]의 배치가 [30] 밀리초에 완료되었습니다.
21-Dec-2023 14:04:59.906 정보 [main] org.apache.catalina.startup.HostConfig.deployDirectory 웹 애플리케이션 디렉토리 [C:\Users\it\Desktop\0.Developer\code\jsp\jspworkspace\apache-tomcat-9.0.84\apache-tomcat-9.0.84\webapps\docs]을(를) 배치합니다.
21-Dec-2023 14:04:59.938 정보 [main] org.apache.catalina.startup.HostConfig.deployDirectory 웹 애플리케이션 디렉토리 [C:\Users\it\Desktop\0.Developer\code\jsp\jspworkspace\apache-tomcat-9.0.84\apache-tomcat-9.0.84\webapps\docs]에 대한 배치가 [32] 밀리초에 완료되었습니다.
21-Dec-2023 14:04:59.941 정보 [main] org.apache.catalina.startup.HostConfig.deployDirectory 웹 애플리케이션 디렉토리 [C:\Users\it\Desktop\0.Developer\code\jsp\jspworkspace\apache-tomcat-9.0.84\apache-tomcat-9.0.84\webapps\examples]을(를) 배치합니다.
21-Dec-2023 14:05:00.386 정보 [main] org.apache.catalina.startup.HostConfig.deployDirectory 웹 애플리케이션 디렉토리 [C:\Users\it\Desktop\0.Developer\code\jsp\jspworkspace\apache-tomcat-9.0.84\apache-tomcat-9.0.84\webapps\examples]에 대한 배치가 [445] 밀리초에 완료되었습니다.
21-Dec-2023 14:05:00.388 정보 [main] org.apache.catalina.startup.HostConfig.deployDirectory 웹 애플리케이션 디렉토리 [C:\Users\it\Desktop\0.Developer\code\jsp\jspworkspace\apache-tomcat-9.0.84\apache-tomcat-9.0.84\webapps\host-manager]을(를) 배치합니다.
21-Dec-2023 14:05:00.422 정보 [main] org.apache.catalina.startup.HostConfig.deployDirectory 웹 애플리케이션 디렉토리 [C:\Users\it\Desktop\0.Developer\code\jsp\jspworkspace\apache-tomcat-9.0.84\apache-tomcat-9.0.84\webapps\host-manager]에 대한 배치가 [34] 밀리초에 완료되었습니다.
21-Dec-2023 14:05:00.425 정보 [main] org.apache.catalina.startup.HostConfig.deployDirectory 웹 애플리케이션 디렉토리 [C:\Users\it\Desktop\0.Developer\code\jsp\jspworkspace\apache-tomcat-9.0.84\apache-tomcat-9.0.84\webapps\manager]을(를) 배치합니다.
21-Dec-2023 14:05:00.460 정보 [main] org.apache.catalina.startup.HostConfig.deployDirectory 웹 애플리케이션 디렉토리 [C:\Users\it\Desktop\0.Developer\code\jsp\jspworkspace\apache-tomcat-9.0.84\apache-tomcat-9.0.84\webapps\manager]에 대한 배치가 [35] 밀리초에 완료되었습니다.
21-Dec-2023 14:05:00.464 정보 [main] org.apache.catalina.startup.HostConfig.deployDirectory 웹 애플리케이션 디렉토리 [C:\Users\it\Desktop\0.Developer\code\jsp\jspworkspace\apache-tomcat-9.0.84\apache-tomcat-9.0.84\webapps\ROOT]을(를) 배치합니다.
21-Dec-2023 14:05:00.490 정보 [main] org.apache.catalina.startup.HostConfig.deployDirectory 웹 애플리케이션 디렉토리 [C:\Users\it\Desktop\0.Developer\code\jsp\jspworkspace\apache-tomcat-9.0.84\apache-tomcat-9.0.84\webapps\ROOT]에 대한 배치가 [26] 밀리초에 완료되었습니다.
21-Dec-2023 14:05:00.495 정보 [main] org.apache.coyote.AbstractProtocol.start 프로토콜 핸들러 ["http-nio-8091"]을(를) 시작합니다.
21-Dec-2023 14:05:00.510 정보 [main] org.apache.catalina.startup.Catalina.start 서버가 [1041] 밀리초 내에 시작되었습니다.
21-Dec-2023 14:12:26.173 정보 [main] org.apache.catalina.startup.VersionLoggerListener.log 서버 버전 이름:    Apache Tomcat/9.0.84
21-Dec-2023 14:12:26.177 정보 [main] org.apache.catalina.startup.VersionLoggerListener.log Server 빌드 시각:  Dec 7 2023 19:27:40 UTC
21-Dec-2023 14:12:26.189 정보 [main] org.apache.catalina.startup.VersionLoggerListener.log Server 버전 번호:  9.0.84.0
21-Dec-2023 14:12:26.190 정보 [main] org.apache.catalina.startup.VersionLoggerListener.log 운영체제 이름:     Windows 10
21-Dec-2023 14:12:26.190 정보 [main] org.apache.catalina.startup.VersionLoggerListener.log 운영체제 버전:     10.0
21-Dec-2023 14:12:26.190 정보 [main] org.apache.catalina.startup.VersionLoggerListener.log 아키텍처:          x86
21-Dec-2023 14:12:26.190 정보 [main] org.apache.catalina.startup.VersionLoggerListener.log 자바 홈:           C:\Program Files (x86)\Java\jre-1.8
21-Dec-2023 14:12:26.190 정보 [main] org.apache.catalina.startup.VersionLoggerListener.log JVM 버전:          1.8.0_391-b13
21-Dec-2023 14:12:26.190 정보 [main] org.apache.catalina.startup.VersionLoggerListener.log JVM 벤더:          Oracle Corporation
21-Dec-2023 14:12:26.190 정보 [main] org.apache.catalina.startup.VersionLoggerListener.log CATALINA_BASE:     C:\Users\it\Desktop\0.Developer\code\jsp\jspworkspace\apache-tomcat-9.0.84\apache-tomcat-9.0.84
21-Dec-2023 14:12:26.191 정보 [main] org.apache.catalina.startup.VersionLoggerListener.log CATALINA_HOME:     C:\Users\it\Desktop\0.Developer\code\jsp\jspworkspace\apache-tomcat-9.0.84\apache-tomcat-9.0.84
21-Dec-2023 14:12:26.191 정보 [main] org.apache.catalina.startup.VersionLoggerListener.log 명령 행 아규먼트:  -Djava.util.logging.config.file=C:\Users\it\Desktop\0.Developer\code\jsp\jspworkspace\apache-tomcat-9.0.84\apache-tomcat-9.0.84\conf\logging.properties
21-Dec-2023 14:12:26.191 정보 [main] org.apache.catalina.startup.VersionLoggerListener.log 명령 행 아규먼트:  -Djava.util.logging.manager=org.apache.juli.ClassLoaderLogManager
21-Dec-2023 14:12:26.191 정보 [main] org.apache.catalina.startup.VersionLoggerListener.log 명령 행 아규먼트:  -Djdk.tls.ephemeralDHKeySize=2048
21-Dec-2023 14:12:26.191 정보 [main] org.apache.catalina.startup.VersionLoggerListener.log 명령 행 아규먼트:  -Djava.protocol.handler.pkgs=org.apache.catalina.webresources
21-Dec-2023 14:12:26.192 정보 [main] org.apache.catalina.startup.VersionLoggerListener.log 명령 행 아규먼트:  -Dignore.endorsed.dirs=
21-Dec-2023 14:12:26.192 정보 [main] org.apache.catalina.startup.VersionLoggerListener.log 명령 행 아규먼트:  -Dcatalina.base=C:\Users\it\Desktop\0.Developer\code\jsp\jspworkspace\apache-tomcat-9.0.84\apache-tomcat-9.0.84
21-Dec-2023 14:12:26.192 정보 [main] org.apache.catalina.startup.VersionLoggerListener.log 명령 행 아규먼트:  -Dcatalina.home=C:\Users\it\Desktop\0.Developer\code\jsp\jspworkspace\apache-tomcat-9.0.84\apache-tomcat-9.0.84
21-Dec-2023 14:12:26.193 정보 [main] org.apache.catalina.startup.VersionLoggerListener.log 명령 행 아규먼트:  -Djava.io.tmpdir=C:\Users\it\Desktop\0.Developer\code\jsp\jspworkspace\apache-tomcat-9.0.84\apache-tomcat-9.0.84\temp
21-Dec-2023 14:12:26.214 정보 [main] org.apache.catalina.core.AprLifecycleListener.lifecycleEvent 프로덕션 환경들에서 최적의 성능을 제공하는, APR 기반 Apache Tomcat Native 라이브러리가, 다음 java.library.path에서 발견되지 않습니다: [C:\Program Files (x86)\Java\jre-1.8\bin;C:\Windows\Sun\Java\bin;C:\Windows\system32;C:\Windows;C:\Program Files (x86)\Common Files\Oracle\Java\javapath;C:\oraclexe\app\oracle\product\11.2.0\server\bin;C:\Windows\system32;C:\Windows;C:\Windows\System32\Wbem;C:\Windows\System32\WindowsPowerShell\v1.0\;C:\Windows\System32\OpenSSH\;C:\Program Files\Git\cmd;C:\Users\it\anaconda3;C:\Users\it\anaconda3\Library\mingw-w64\bin;C:\Users\it\anaconda3\Library\usr\bin;C:\Users\it\anaconda3\Library\bin;C:\Users\it\anaconda3\Scripts;C:\Users\it\AppData\Local\Microsoft\WindowsApps;C:\Users\it\AppData\Local\GitHubDesktop\bin;C:\Users\it\AppData\Local\Programs\Microsoft VS Code\bin;;.]
21-Dec-2023 14:12:26.500 정보 [main] org.apache.coyote.AbstractProtocol.init 프로토콜 핸들러 ["http-nio-8091"]을(를) 초기화합니다.
21-Dec-2023 14:12:26.518 정보 [main] org.apache.catalina.startup.Catalina.load [557] 밀리초 내에 서버가 초기화되었습니다.
21-Dec-2023 14:12:26.553 정보 [main] org.apache.catalina.core.StandardService.startInternal 서비스 [Catalina]을(를) 시작합니다.
21-Dec-2023 14:12:26.554 정보 [main] org.apache.catalina.core.StandardEngine.startInternal 서버 엔진을 시작합니다: [Apache Tomcat/9.0.84]
21-Dec-2023 14:12:26.869 정보 [main] org.apache.catalina.startup.HostConfig.deployWAR 웹 애플리케이션 아카이브 [C:\Users\it\Desktop\0.Developer\code\jsp\jspworkspace\apache-tomcat-9.0.84\apache-tomcat-9.0.84\webapps\BookMarket.war]을(를) 배치합니다.
21-Dec-2023 14:12:26.903 정보 [main] org.apache.catalina.startup.HostConfig.deployWAR 웹 애플리케이션 아카이브 [C:\Users\it\Desktop\0.Developer\code\jsp\jspworkspace\apache-tomcat-9.0.84\apache-tomcat-9.0.84\webapps\BookMarket.war]의 배치가 [33] 밀리초에 완료되었습니다.
21-Dec-2023 14:12:26.905 정보 [main] org.apache.catalina.startup.HostConfig.deployWAR 웹 애플리케이션 아카이브 [C:\Users\it\Desktop\0.Developer\code\jsp\jspworkspace\apache-tomcat-9.0.84\apache-tomcat-9.0.84\webapps\webMarket.war]을(를) 배치합니다.
21-Dec-2023 14:12:26.934 정보 [main] org.apache.catalina.startup.HostConfig.deployWAR 웹 애플리케이션 아카이브 [C:\Users\it\Desktop\0.Developer\code\jsp\jspworkspace\apache-tomcat-9.0.84\apache-tomcat-9.0.84\webapps\webMarket.war]의 배치가 [29] 밀리초에 완료되었습니다.
21-Dec-2023 14:12:26.935 정보 [main] org.apache.catalina.startup.HostConfig.deployDirectory 웹 애플리케이션 디렉토리 [C:\Users\it\Desktop\0.Developer\code\jsp\jspworkspace\apache-tomcat-9.0.84\apache-tomcat-9.0.84\webapps\docs]을(를) 배치합니다.
21-Dec-2023 14:12:26.968 정보 [main] org.apache.catalina.startup.HostConfig.deployDirectory 웹 애플리케이션 디렉토리 [C:\Users\it\Desktop\0.Developer\code\jsp\jspworkspace\apache-tomcat-9.0.84\apache-tomcat-9.0.84\webapps\docs]에 대한 배치가 [33] 밀리초에 완료되었습니다.
21-Dec-2023 14:12:26.968 정보 [main] org.apache.catalina.startup.HostConfig.deployDirectory 웹 애플리케이션 디렉토리 [C:\Users\it\Desktop\0.Developer\code\jsp\jspworkspace\apache-tomcat-9.0.84\apache-tomcat-9.0.84\webapps\examples]을(를) 배치합니다.
21-Dec-2023 14:12:27.418 정보 [main] org.apache.catalina.startup.HostConfig.deployDirectory 웹 애플리케이션 디렉토리 [C:\Users\it\Desktop\0.Developer\code\jsp\jspworkspace\apache-tomcat-9.0.84\apache-tomcat-9.0.84\webapps\examples]에 대한 배치가 [450] 밀리초에 완료되었습니다.
21-Dec-2023 14:12:27.419 정보 [main] org.apache.catalina.startup.HostConfig.deployDirectory 웹 애플리케이션 디렉토리 [C:\Users\it\Desktop\0.Developer\code\jsp\jspworkspace\apache-tomcat-9.0.84\apache-tomcat-9.0.84\webapps\host-manager]을(를) 배치합니다.
21-Dec-2023 14:12:27.459 정보 [main] org.apache.catalina.startup.HostConfig.deployDirectory 웹 애플리케이션 디렉토리 [C:\Users\it\Desktop\0.Developer\code\jsp\jspworkspace\apache-tomcat-9.0.84\apache-tomcat-9.0.84\webapps\host-manager]에 대한 배치가 [40] 밀리초에 완료되었습니다.
21-Dec-2023 14:12:27.459 정보 [main] org.apache.catalina.startup.HostConfig.deployDirectory 웹 애플리케이션 디렉토리 [C:\Users\it\Desktop\0.Developer\code\jsp\jspworkspace\apache-tomcat-9.0.84\apache-tomcat-9.0.84\webapps\manager]을(를) 배치합니다.
21-Dec-2023 14:12:27.502 정보 [main] org.apache.catalina.startup.HostConfig.deployDirectory 웹 애플리케이션 디렉토리 [C:\Users\it\Desktop\0.Developer\code\jsp\jspworkspace\apache-tomcat-9.0.84\apache-tomcat-9.0.84\webapps\manager]에 대한 배치가 [43] 밀리초에 완료되었습니다.
21-Dec-2023 14:12:27.502 정보 [main] org.apache.catalina.startup.HostConfig.deployDirectory 웹 애플리케이션 디렉토리 [C:\Users\it\Desktop\0.Developer\code\jsp\jspworkspace\apache-tomcat-9.0.84\apache-tomcat-9.0.84\webapps\ROOT]을(를) 배치합니다.
21-Dec-2023 14:12:27.535 정보 [main] org.apache.catalina.startup.HostConfig.deployDirectory 웹 애플리케이션 디렉토리 [C:\Users\it\Desktop\0.Developer\code\jsp\jspworkspace\apache-tomcat-9.0.84\apache-tomcat-9.0.84\webapps\ROOT]에 대한 배치가 [33] 밀리초에 완료되었습니다.
21-Dec-2023 14:12:27.539 정보 [main] org.apache.coyote.AbstractProtocol.start 프로토콜 핸들러 ["http-nio-8091"]을(를) 시작합니다.
21-Dec-2023 14:12:27.553 정보 [main] org.apache.catalina.startup.Catalina.start 서버가 [1034] 밀리초 내에 시작되었습니다.
21-Dec-2023 14:16:30.183 정보 [main] org.apache.catalina.startup.VersionLoggerListener.log 서버 버전 이름:    Apache Tomcat/9.0.84
21-Dec-2023 14:16:30.186 정보 [main] org.apache.catalina.startup.VersionLoggerListener.log Server 빌드 시각:  Dec 7 2023 19:27:40 UTC
21-Dec-2023 14:16:30.188 정보 [main] org.apache.catalina.startup.VersionLoggerListener.log Server 버전 번호:  9.0.84.0
21-Dec-2023 14:16:30.188 정보 [main] org.apache.catalina.startup.VersionLoggerListener.log 운영체제 이름:     Windows 10
21-Dec-2023 14:16:30.188 정보 [main] org.apache.catalina.startup.VersionLoggerListener.log 운영체제 버전:     10.0
21-Dec-2023 14:16:30.188 정보 [main] org.apache.catalina.startup.VersionLoggerListener.log 아키텍처:          x86
21-Dec-2023 14:16:30.188 정보 [main] org.apache.catalina.startup.VersionLoggerListener.log 자바 홈:           C:\Program Files (x86)\Java\jre-1.8
21-Dec-2023 14:16:30.188 정보 [main] org.apache.catalina.startup.VersionLoggerListener.log JVM 버전:          1.8.0_391-b13
21-Dec-2023 14:16:30.189 정보 [main] org.apache.catalina.startup.VersionLoggerListener.log JVM 벤더:          Oracle Corporation
21-Dec-2023 14:16:30.189 정보 [main] org.apache.catalina.startup.VersionLoggerListener.log CATALINA_BASE:     C:\Users\it\Desktop\0.Developer\code\jsp\jspworkspace\apache-tomcat-9.0.84\apache-tomcat-9.0.84
21-Dec-2023 14:16:30.189 정보 [main] org.apache.catalina.startup.VersionLoggerListener.log CATALINA_HOME:     C:\Users\it\Desktop\0.Developer\code\jsp\jspworkspace\apache-tomcat-9.0.84\apache-tomcat-9.0.84
21-Dec-2023 14:16:30.190 정보 [main] org.apache.catalina.startup.VersionLoggerListener.log 명령 행 아규먼트:  -Djava.util.logging.config.file=C:\Users\it\Desktop\0.Developer\code\jsp\jspworkspace\apache-tomcat-9.0.84\apache-tomcat-9.0.84\conf\logging.properties
21-Dec-2023 14:16:30.190 정보 [main] org.apache.catalina.startup.VersionLoggerListener.log 명령 행 아규먼트:  -Djava.util.logging.manager=org.apache.juli.ClassLoaderLogManager
21-Dec-2023 14:16:30.190 정보 [main] org.apache.catalina.startup.VersionLoggerListener.log 명령 행 아규먼트:  -Djdk.tls.ephemeralDHKeySize=2048
21-Dec-2023 14:16:30.190 정보 [main] org.apache.catalina.startup.VersionLoggerListener.log 명령 행 아규먼트:  -Djava.protocol.handler.pkgs=org.apache.catalina.webresources
21-Dec-2023 14:16:30.190 정보 [main] org.apache.catalina.startup.VersionLoggerListener.log 명령 행 아규먼트:  -Dignore.endorsed.dirs=
21-Dec-2023 14:16:30.191 정보 [main] org.apache.catalina.startup.VersionLoggerListener.log 명령 행 아규먼트:  -Dcatalina.base=C:\Users\it\Desktop\0.Developer\code\jsp\jspworkspace\apache-tomcat-9.0.84\apache-tomcat-9.0.84
21-Dec-2023 14:16:30.191 정보 [main] org.apache.catalina.startup.VersionLoggerListener.log 명령 행 아규먼트:  -Dcatalina.home=C:\Users\it\Desktop\0.Developer\code\jsp\jspworkspace\apache-tomcat-9.0.84\apache-tomcat-9.0.84
21-Dec-2023 14:16:30.191 정보 [main] org.apache.catalina.startup.VersionLoggerListener.log 명령 행 아규먼트:  -Djava.io.tmpdir=C:\Users\it\Desktop\0.Developer\code\jsp\jspworkspace\apache-tomcat-9.0.84\apache-tomcat-9.0.84\temp
21-Dec-2023 14:16:30.211 정보 [main] org.apache.catalina.core.AprLifecycleListener.lifecycleEvent 프로덕션 환경들에서 최적의 성능을 제공하는, APR 기반 Apache Tomcat Native 라이브러리가, 다음 java.library.path에서 발견되지 않습니다: [C:\Program Files (x86)\Java\jre-1.8\bin;C:\Windows\Sun\Java\bin;C:\Windows\system32;C:\Windows;C:\Program Files (x86)\Common Files\Oracle\Java\javapath;C:\oraclexe\app\oracle\product\11.2.0\server\bin;C:\Windows\system32;C:\Windows;C:\Windows\System32\Wbem;C:\Windows\System32\WindowsPowerShell\v1.0\;C:\Windows\System32\OpenSSH\;C:\Program Files\Git\cmd;C:\Users\it\anaconda3;C:\Users\it\anaconda3\Library\mingw-w64\bin;C:\Users\it\anaconda3\Library\usr\bin;C:\Users\it\anaconda3\Library\bin;C:\Users\it\anaconda3\Scripts;C:\Users\it\AppData\Local\Microsoft\WindowsApps;C:\Users\it\AppData\Local\GitHubDesktop\bin;C:\Users\it\AppData\Local\Programs\Microsoft VS Code\bin;;.]
21-Dec-2023 14:16:30.498 정보 [main] org.apache.coyote.AbstractProtocol.init 프로토콜 핸들러 ["http-nio-8091"]을(를) 초기화합니다.
21-Dec-2023 14:16:30.516 정보 [main] org.apache.catalina.startup.Catalina.load [537] 밀리초 내에 서버가 초기화되었습니다.
21-Dec-2023 14:16:30.550 정보 [main] org.apache.catalina.core.StandardService.startInternal 서비스 [Catalina]을(를) 시작합니다.
21-Dec-2023 14:16:30.551 정보 [main] org.apache.catalina.core.StandardEngine.startInternal 서버 엔진을 시작합니다: [Apache Tomcat/9.0.84]
21-Dec-2023 14:16:30.863 정보 [main] org.apache.catalina.startup.HostConfig.deployWAR 웹 애플리케이션 아카이브 [C:\Users\it\Desktop\0.Developer\code\jsp\jspworkspace\apache-tomcat-9.0.84\apache-tomcat-9.0.84\webapps\BookMarket.war]을(를) 배치합니다.
21-Dec-2023 14:16:30.898 정보 [main] org.apache.catalina.startup.HostConfig.deployWAR 웹 애플리케이션 아카이브 [C:\Users\it\Desktop\0.Developer\code\jsp\jspworkspace\apache-tomcat-9.0.84\apache-tomcat-9.0.84\webapps\BookMarket.war]의 배치가 [34] 밀리초에 완료되었습니다.
21-Dec-2023 14:16:30.899 정보 [main] org.apache.catalina.startup.HostConfig.deployWAR 웹 애플리케이션 아카이브 [C:\Users\it\Desktop\0.Developer\code\jsp\jspworkspace\apache-tomcat-9.0.84\apache-tomcat-9.0.84\webapps\webMarket.war]을(를) 배치합니다.
21-Dec-2023 14:16:30.928 정보 [main] org.apache.catalina.startup.HostConfig.deployWAR 웹 애플리케이션 아카이브 [C:\Users\it\Desktop\0.Developer\code\jsp\jspworkspace\apache-tomcat-9.0.84\apache-tomcat-9.0.84\webapps\webMarket.war]의 배치가 [29] 밀리초에 완료되었습니다.
21-Dec-2023 14:16:30.929 정보 [main] org.apache.catalina.startup.HostConfig.deployDirectory 웹 애플리케이션 디렉토리 [C:\Users\it\Desktop\0.Developer\code\jsp\jspworkspace\apache-tomcat-9.0.84\apache-tomcat-9.0.84\webapps\docs]을(를) 배치합니다.
21-Dec-2023 14:16:30.962 정보 [main] org.apache.catalina.startup.HostConfig.deployDirectory 웹 애플리케이션 디렉토리 [C:\Users\it\Desktop\0.Developer\code\jsp\jspworkspace\apache-tomcat-9.0.84\apache-tomcat-9.0.84\webapps\docs]에 대한 배치가 [33] 밀리초에 완료되었습니다.
21-Dec-2023 14:16:30.963 정보 [main] org.apache.catalina.startup.HostConfig.deployDirectory 웹 애플리케이션 디렉토리 [C:\Users\it\Desktop\0.Developer\code\jsp\jspworkspace\apache-tomcat-9.0.84\apache-tomcat-9.0.84\webapps\examples]을(를) 배치합니다.
21-Dec-2023 14:16:31.429 정보 [main] org.apache.catalina.startup.HostConfig.deployDirectory 웹 애플리케이션 디렉토리 [C:\Users\it\Desktop\0.Developer\code\jsp\jspworkspace\apache-tomcat-9.0.84\apache-tomcat-9.0.84\webapps\examples]에 대한 배치가 [467] 밀리초에 완료되었습니다.
21-Dec-2023 14:16:31.429 정보 [main] org.apache.catalina.startup.HostConfig.deployDirectory 웹 애플리케이션 디렉토리 [C:\Users\it\Desktop\0.Developer\code\jsp\jspworkspace\apache-tomcat-9.0.84\apache-tomcat-9.0.84\webapps\host-manager]을(를) 배치합니다.
21-Dec-2023 14:16:31.469 정보 [main] org.apache.catalina.startup.HostConfig.deployDirectory 웹 애플리케이션 디렉토리 [C:\Users\it\Desktop\0.Developer\code\jsp\jspworkspace\apache-tomcat-9.0.84\apache-tomcat-9.0.84\webapps\host-manager]에 대한 배치가 [40] 밀리초에 완료되었습니다.
21-Dec-2023 14:16:31.469 정보 [main] org.apache.catalina.startup.HostConfig.deployDirectory 웹 애플리케이션 디렉토리 [C:\Users\it\Desktop\0.Developer\code\jsp\jspworkspace\apache-tomcat-9.0.84\apache-tomcat-9.0.84\webapps\manager]을(를) 배치합니다.
21-Dec-2023 14:16:31.505 정보 [main] org.apache.catalina.startup.HostConfig.deployDirectory 웹 애플리케이션 디렉토리 [C:\Users\it\Desktop\0.Developer\code\jsp\jspworkspace\apache-tomcat-9.0.84\apache-tomcat-9.0.84\webapps\manager]에 대한 배치가 [36] 밀리초에 완료되었습니다.
21-Dec-2023 14:16:31.506 정보 [main] org.apache.catalina.startup.HostConfig.deployDirectory 웹 애플리케이션 디렉토리 [C:\Users\it\Desktop\0.Developer\code\jsp\jspworkspace\apache-tomcat-9.0.84\apache-tomcat-9.0.84\webapps\ROOT]을(를) 배치합니다.
21-Dec-2023 14:16:31.538 정보 [main] org.apache.catalina.startup.HostConfig.deployDirectory 웹 애플리케이션 디렉토리 [C:\Users\it\Desktop\0.Developer\code\jsp\jspworkspace\apache-tomcat-9.0.84\apache-tomcat-9.0.84\webapps\ROOT]에 대한 배치가 [32] 밀리초에 완료되었습니다.
21-Dec-2023 14:16:31.543 정보 [main] org.apache.coyote.AbstractProtocol.start 프로토콜 핸들러 ["http-nio-8091"]을(를) 시작합니다.
21-Dec-2023 14:16:31.560 정보 [main] org.apache.catalina.startup.Catalina.start 서버가 [1044] 밀리초 내에 시작되었습니다.
